2023.07.03 15:26:54 INFO  Started: Metals version 0.11.12 in workspace 'C:\Users\Vishwa\Documents\MYWORK\scala\Patrical 04\tutorial04' for client Visual Studio Code 1.79.2.
Jul 03, 2023 3:26:54 PM org.flywaydb.core.internal.license.VersionPrinter printVersionOnly
INFO: Flyway Community Edition 9.16.3 by Redgate
Jul 03, 2023 3:26:54 PM org.flywaydb.core.internal.license.VersionPrinter printVersion
INFO: See release notes here: https://rd.gt/416ObMi
Jul 03, 2023 3:26:54 PM org.flywaydb.core.internal.license.VersionPrinter printVersion
INFO: 
Jul 03, 2023 3:26:54 PM org.flywaydb.core.internal.database.base.BaseDatabaseType createDatabase
INFO: Database: jdbc:h2:file:C:\Users\Vishwa\Documents\MYWORK\scala\Patrical 04\tutorial04\.metals\metals (H2 2.1)
Jul 03, 2023 3:26:54 PM org.flywaydb.core.internal.schemahistory.JdbcTableSchemaHistory allAppliedMigrations
INFO: Schema history table "PUBLIC"."flyway_schema_history" does not exist yet
Jul 03, 2023 3:26:54 PM org.flywaydb.core.internal.command.DbValidate validate
INFO: Successfully validated 4 migrations (execution time 00:00.039s)
Jul 03, 2023 3:26:54 PM org.flywaydb.core.internal.schemahistory.JdbcTableSchemaHistory create
INFO: Creating Schema History table "PUBLIC"."flyway_schema_history" ...
Jul 03, 2023 3:26:55 PM org.flywaydb.core.internal.command.DbMigrate migrateGroup
INFO: Current version of schema "PUBLIC": << Empty Schema >>
Jul 03, 2023 3:26:55 PM org.flywaydb.core.internal.command.DbMigrate doMigrateGroup
INFO: Migrating schema "PUBLIC" to version "1 - Create tables"
Jul 03, 2023 3:26:55 PM org.flywaydb.core.internal.command.DbMigrate doMigrateGroup
INFO: Migrating schema "PUBLIC" to version "2 - Server discovery"
Jul 03, 2023 3:26:55 PM org.flywaydb.core.internal.command.DbMigrate doMigrateGroup
INFO: Migrating schema "PUBLIC" to version "3 - Jar symbols"
Jul 03, 2023 3:26:55 PM org.flywaydb.core.internal.command.DbMigrate doMigrateGroup
INFO: Migrating schema "PUBLIC" to version "4 - Fingerprints"
Jul 03, 2023 3:26:55 PM org.flywaydb.core.internal.command.DbMigrate logSummary
INFO: Successfully applied 4 migrations to schema "PUBLIC", now at version v4 (execution time 00:00.108s)
2023.07.03 15:26:55 INFO  time: initialize in 1.08s
2023.07.03 15:26:58 WARN  Build server is not auto-connectable.
2023.07.03 15:26:59 WARN  no build target for: C:\Users\Vishwa\Documents\MYWORK\scala\Patrical 04\tutorial04\src\main\scala\Main.scala
2023.07.03 15:27:10 INFO  no build target found for C:\Users\Vishwa\Documents\MYWORK\scala\Patrical 04\tutorial04\src\main\scala\Main.scala. Using presentation compiler with project's scala-library version: 3.2.2
2023.07.03 15:27:10 INFO  running 'C:\Program Files\Java\jdk-17.0.2\bin\java -Djline.terminal=jline.UnsupportedTerminal -Dsbt.log.noformat=true -Dfile.encoding=UTF-8 -jar C:\Users\Vishwa\AppData\Local\Temp\metals4855199381187481820\sbt-launch.jar -Dbloop.export-jar-classifiers=sources bloopInstall'
2023.07.03 15:27:11 ERROR [info] [launcher] getting org.scala-sbt sbt 1.9.0  (this may take some time)...
2023.07.03 15:27:14 INFO  time: code lens generation in 15s
2023.07.03 15:27:14 INFO  time: code lens generation in 15s
2023.07.03 15:27:14 INFO  time: code lens generation in 3.45s
2023.07.03 15:28:04 INFO  user cancelled sbt bloopInstall
2023.07.03 15:28:04 INFO  time: ran 'sbt bloopInstall' in 53s
Jul 03, 2023 3:29:21 PM org.eclipse.lsp4j.jsonrpc.RemoteEndpoint handleCancellation
WARNING: Unmatched cancel notification for request id 35
Jul 03, 2023 3:29:31 PM org.eclipse.lsp4j.jsonrpc.RemoteEndpoint handleCancellation
WARNING: Unmatched cancel notification for request id 43
Jul 03, 2023 3:29:58 PM org.eclipse.lsp4j.jsonrpc.RemoteEndpoint handleCancellation
WARNING: Unmatched cancel notification for request id 62
Jul 03, 2023 3:30:04 PM org.eclipse.lsp4j.jsonrpc.RemoteEndpoint handleCancellation
WARNING: Unmatched cancel notification for request id 65
Jul 03, 2023 3:30:22 PM org.eclipse.lsp4j.jsonrpc.RemoteEndpoint handleCancellation
WARNING: Unmatched cancel notification for request id 88
Jul 03, 2023 3:31:27 PM org.eclipse.lsp4j.jsonrpc.RemoteEndpoint handleCancellation
WARNING: Unmatched cancel notification for request id 277
Jul 03, 2023 3:32:53 PM org.eclipse.lsp4j.jsonrpc.RemoteEndpoint handleCancellation
WARNING: Unmatched cancel notification for request id 421
2023.07.03 15:33:22 WARN  no build target for: C:\Users\Vishwa\Documents\MYWORK\scala\Patrical 04\tutorial04\src\main\scala\Main.scala
Exception in thread "pool-3-thread-1" java.lang.InterruptedException
	at scala.meta.internal.metals.FutureCancelToken.checkCanceled(FutureCancelToken.scala:29)
	at scala.meta.internal.pc.CompilerAccess.onCompilerJobQueue$$anonfun$1(CompilerAccess.scala:195)
	at scala.meta.internal.pc.CompilerJobQueue$Job.run(CompilerJobQueue.scala:152)
	at java.base/java.util.concurrent.ThreadPoolExecutor.runWorker(ThreadPoolExecutor.java:1136)
	at java.base/java.util.concurrent.ThreadPoolExecutor$Worker.run(ThreadPoolExecutor.java:635)
	at java.base/java.lang.Thread.run(Thread.java:833)
Jul 03, 2023 3:33:48 PM scala.meta.internal.pc.CompilerAccess handleError
SEVERE: NoDenotation.owner
java.lang.AssertionError: NoDenotation.owner
	at dotty.tools.dotc.core.SymDenotations$NoDenotation$.owner(SymDenotations.scala:2511)
	at scala.meta.internal.pc.MetalsInteractive$.enclosingSymbolsWithExpressionType(MetalsInteractive.scala:261)
	at scala.meta.internal.pc.MetalsInteractive$.enclosingSymbols(MetalsInteractive.scala:167)
	at scala.meta.internal.pc.PcDefinitionProvider.findDefinitions(PcDefinitionProvider.scala:91)
	at scala.meta.internal.pc.PcDefinitionProvider.definitions(PcDefinitionProvider.scala:56)
	at scala.meta.internal.pc.PcDefinitionProvider.definitions(PcDefinitionProvider.scala:33)

2023.07.03 15:33:53 WARN  no build target for: C:\Users\Vishwa\Documents\MYWORK\scala\Patrical 04\tutorial04\src\main\scala\Main.scala
Jul 03, 2023 3:33:58 PM org.eclipse.lsp4j.jsonrpc.RemoteEndpoint handleCancellation
WARNING: Unmatched cancel notification for request id 638
2023.07.03 15:34:08 WARN  no build target for: C:\Users\Vishwa\Documents\MYWORK\scala\Patrical 04\tutorial04\src\main\scala\Main.scala
2023.07.03 15:35:02 WARN  no build target for: C:\Users\Vishwa\Documents\MYWORK\scala\Patrical 04\tutorial04\src\main\scala\Main.scala
2023.07.03 15:35:34 WARN  no build target for: C:\Users\Vishwa\Documents\MYWORK\scala\Patrical 04\tutorial04\src\main\scala\Main.scala
2023.07.03 15:35:36 WARN  no build target for: C:\Users\Vishwa\Documents\MYWORK\scala\Patrical 04\tutorial04\src\main\scala\Main.scala
Exception in thread "pool-3-thread-2" java.lang.InterruptedException
	at scala.meta.internal.metals.FutureCancelToken.checkCanceled(FutureCancelToken.scala:29)
	at scala.meta.internal.pc.CompilerAccess.onCompilerJobQueue$$anonfun$1(CompilerAccess.scala:195)
	at scala.meta.internal.pc.CompilerJobQueue$Job.run(CompilerJobQueue.scala:152)
	at java.base/java.util.concurrent.ThreadPoolExecutor.runWorker(ThreadPoolExecutor.java:1136)
	at java.base/java.util.concurrent.ThreadPoolExecutor$Worker.run(ThreadPoolExecutor.java:635)
	at java.base/java.lang.Thread.run(Thread.java:833)
Exception in thread "pool-3-thread-3" java.lang.InterruptedException
	at scala.meta.internal.metals.FutureCancelToken.checkCanceled(FutureCancelToken.scala:29)
	at scala.meta.internal.pc.CompilerAccess.onCompilerJobQueue$$anonfun$1(CompilerAccess.scala:195)
	at scala.meta.internal.pc.CompilerJobQueue$Job.run(CompilerJobQueue.scala:152)
	at java.base/java.util.concurrent.ThreadPoolExecutor.runWorker(ThreadPoolExecutor.java:1136)
	at java.base/java.util.concurrent.ThreadPoolExecutor$Worker.run(ThreadPoolExecutor.java:635)
	at java.base/java.lang.Thread.run(Thread.java:833)
Exception in thread "pool-3-thread-4" java.lang.InterruptedException
	at scala.meta.internal.metals.FutureCancelToken.checkCanceled(FutureCancelToken.scala:29)
	at scala.meta.internal.pc.CompilerAccess.onCompilerJobQueue$$anonfun$1(CompilerAccess.scala:195)
	at scala.meta.internal.pc.CompilerJobQueue$Job.run(CompilerJobQueue.scala:152)
	at java.base/java.util.concurrent.ThreadPoolExecutor.runWorker(ThreadPoolExecutor.java:1136)
	at java.base/java.util.concurrent.ThreadPoolExecutor$Worker.run(ThreadPoolExecutor.java:635)
	at java.base/java.lang.Thread.run(Thread.java:833)
2023.07.03 15:36:43 WARN  no build target for: C:\Users\Vishwa\Documents\MYWORK\scala\Patrical 04\tutorial04\src\main\scala\Main.scala
2023.07.03 15:36:46 WARN  no build target for: C:\Users\Vishwa\Documents\MYWORK\scala\Patrical 04\tutorial04\src\main\scala\Main.scala
2023.07.03 15:36:59 WARN  no build target for: C:\Users\Vishwa\Documents\MYWORK\scala\Patrical 04\tutorial04\src\main\scala\Main.scala
Jul 03, 2023 6:57:28 PM scala.meta.internal.pc.CompilerAccess handleError
SEVERE: NoDenotation.owner
java.lang.AssertionError: NoDenotation.owner
	at dotty.tools.dotc.core.SymDenotations$NoDenotation$.owner(SymDenotations.scala:2511)
	at scala.meta.internal.pc.MetalsInteractive$.enclosingSymbolsWithExpressionType(MetalsInteractive.scala:261)
	at scala.meta.internal.pc.HoverProvider$.hover(HoverProvider.scala:98)

Jul 03, 2023 6:57:38 PM org.eclipse.lsp4j.jsonrpc.RemoteEndpoint handleCancellation
WARNING: Unmatched cancel notification for request id 1235
2023.07.03 18:57:58 WARN  no build target for: C:\Users\Vishwa\Documents\MYWORK\scala\Patrical 04\tutorial04\src\main\scala\Main.scala
2023.07.03 18:58:22 WARN  no build target for: C:\Users\Vishwa\Documents\MYWORK\scala\Patrical 04\tutorial04\src\main\scala\Main.scala
2023.07.03 18:58:55 WARN  no build target for: C:\Users\Vishwa\Documents\MYWORK\scala\Patrical 04\tutorial04\src\main\scala\Main.scala
2023.07.03 18:59:26 WARN  no build target for: C:\Users\Vishwa\Documents\MYWORK\scala\Patrical 04\tutorial04\src\main\scala\Main.scala
Jul 03, 2023 7:02:38 PM scala.meta.internal.pc.CompilerAccess handleError
SEVERE: NoDenotation.owner
java.lang.AssertionError: NoDenotation.owner
	at dotty.tools.dotc.core.SymDenotations$NoDenotation$.owner(SymDenotations.scala:2511)
	at scala.meta.internal.pc.MetalsInteractive$.enclosingSymbolsWithExpressionType(MetalsInteractive.scala:261)
	at scala.meta.internal.pc.HoverProvider$.hover(HoverProvider.scala:98)

2023.07.03 19:38:32 WARN  no build target for: C:\Users\Vishwa\Documents\MYWORK\scala\Patrical 04\tutorial04\src\main\scala\Question01.scala
Jul 03, 2023 7:38:44 PM org.eclipse.lsp4j.jsonrpc.RemoteEndpoint handleCancellation
WARNING: Unmatched cancel notification for request id 1563
Jul 03, 2023 7:38:53 PM org.eclipse.lsp4j.jsonrpc.RemoteEndpoint handleCancellation
WARNING: Unmatched cancel notification for request id 1625
Jul 03, 2023 7:57:37 PM org.eclipse.lsp4j.jsonrpc.RemoteEndpoint handleCancellation
WARNING: Unmatched cancel notification for request id 1980
Jul 03, 2023 7:59:11 PM org.eclipse.lsp4j.jsonrpc.RemoteEndpoint handleCancellation
WARNING: Unmatched cancel notification for request id 2207
2023.07.03 20:02:45 WARN  no build target for: C:\Users\Vishwa\Documents\MYWORK\scala\Patrical 04\tutorial04\src\main\scala\Question01.scala
2023.07.03 20:03:17 WARN  no build target for: C:\Users\Vishwa\Documents\MYWORK\scala\Patrical 04\tutorial04\src\main\scala\Question01.scala
Jul 03, 2023 8:04:32 PM org.eclipse.lsp4j.jsonrpc.RemoteEndpoint handleCancellation
WARNING: Unmatched cancel notification for request id 2695
2023.07.03 20:05:46 WARN  no build target for: C:\Users\Vishwa\Documents\MYWORK\scala\Patrical 04\tutorial04\src\main\scala\Question01.scala
2023.07.03 20:06:18 WARN  no build target for: C:\Users\Vishwa\Documents\MYWORK\scala\Patrical 04\tutorial04\src\main\scala\Question01.scala
2023.07.03 20:06:51 WARN  no build target for: C:\Users\Vishwa\Documents\MYWORK\scala\Patrical 04\tutorial04\src\main\scala\Question01.scala
2023.07.03 20:06:58 WARN  no build target for: C:\Users\Vishwa\Documents\MYWORK\scala\Patrical 04\tutorial04\src\main\scala\Question01.scala
2023.07.03 20:07:39 WARN  no build target for: C:\Users\Vishwa\Documents\MYWORK\scala\Patrical 04\tutorial04\src\main\scala\Question01.scala
2023.07.03 20:08:40 WARN  no build target for: C:\Users\Vishwa\Documents\MYWORK\scala\Patrical 04\tutorial04\src\main\scala\Question01.scala
2023.07.03 20:09:20 WARN  no build target for: C:\Users\Vishwa\Documents\MYWORK\scala\Patrical 04\tutorial04\src\main\scala\Question02.scala
Jul 03, 2023 8:10:23 PM org.eclipse.lsp4j.jsonrpc.RemoteEndpoint handleCancellation
WARNING: Unmatched cancel notification for request id 3003
Jul 03, 2023 8:11:37 PM org.eclipse.lsp4j.jsonrpc.RemoteEndpoint handleCancellation
WARNING: Unmatched cancel notification for request id 3017
Jul 03, 2023 8:14:48 PM org.eclipse.lsp4j.jsonrpc.RemoteEndpoint handleCancellation
WARNING: Unmatched cancel notification for request id 3521
2023.07.03 20:15:32 WARN  no build target for: C:\Users\Vishwa\Documents\MYWORK\scala\Patrical 04\tutorial04\src\main\scala\Question02.scala
2023.07.03 20:16:26 WARN  no build target for: C:\Users\Vishwa\Documents\MYWORK\scala\Patrical 04\tutorial04\src\main\scala\Question02.scala
2023.07.03 20:16:35 WARN  no build target for: C:\Users\Vishwa\Documents\MYWORK\scala\Patrical 04\tutorial04\src\main\scala\Question02.scala
2023.07.03 20:17:34 WARN  no build target for: C:\Users\Vishwa\Documents\MYWORK\scala\Patrical 04\tutorial04\src\main\scala\Question02.scala
2023.07.03 20:17:47 WARN  no build target for: C:\Users\Vishwa\Documents\MYWORK\scala\Patrical 04\tutorial04\src\main\scala\Question02.scala
2023.07.03 20:18:01 WARN  no build target for: C:\Users\Vishwa\Documents\MYWORK\scala\Patrical 04\tutorial04\src\main\scala\Question02.scala
2023.07.03 20:18:12 WARN  no build target for: C:\Users\Vishwa\Documents\MYWORK\scala\Patrical 04\tutorial04\src\main\scala\Question02.scala
2023.07.03 20:19:56 WARN  no build target for: C:\Users\Vishwa\Documents\MYWORK\scala\Patrical 04\tutorial04\src\main\scala\Question02.scala
2023.07.03 20:20:34 WARN  no build target for: C:\Users\Vishwa\Documents\MYWORK\scala\Patrical 04\tutorial04\src\main\scala\Question02.scala
2023.07.03 20:20:51 WARN  no build target for: C:\Users\Vishwa\Documents\MYWORK\scala\Patrical 04\tutorial04\src\main\scala\Question03.scala
Jul 03, 2023 9:15:01 PM org.eclipse.lsp4j.jsonrpc.RemoteEndpoint handleCancellation
WARNING: Unmatched cancel notification for request id 4715
Jul 03, 2023 9:17:19 PM org.eclipse.lsp4j.jsonrpc.RemoteEndpoint handleCancellation
WARNING: Unmatched cancel notification for request id 5009
Jul 03, 2023 9:19:01 PM org.eclipse.lsp4j.jsonrpc.RemoteEndpoint handleCancellation
WARNING: Unmatched cancel notification for request id 5252
2023.07.03 21:19:04 WARN  no build target for: C:\Users\Vishwa\Documents\MYWORK\scala\Patrical 04\tutorial04\src\main\scala\Question03.scala
Jul 03, 2023 9:19:13 PM org.eclipse.lsp4j.jsonrpc.RemoteEndpoint handleCancellation
WARNING: Unmatched cancel notification for request id 5306
2023.07.03 21:19:59 WARN  no build target for: C:\Users\Vishwa\Documents\MYWORK\scala\Patrical 04\tutorial04\src\main\scala\Question03.scala
2023.07.03 21:20:55 WARN  no build target for: C:\Users\Vishwa\Documents\MYWORK\scala\Patrical 04\tutorial04\src\main\scala\Question03.scala
2023.07.03 21:21:10 WARN  no build target for: C:\Users\Vishwa\Documents\MYWORK\scala\Patrical 04\tutorial04\src\main\scala\Question03.scala
2023.07.03 21:21:53 WARN  no build target for: C:\Users\Vishwa\Documents\MYWORK\scala\Patrical 04\tutorial04\src\main\scala\Question03.scala
Jul 03, 2023 9:24:06 PM org.eclipse.lsp4j.jsonrpc.RemoteEndpoint handleCancellation
WARNING: Unmatched cancel notification for request id 5867
Jul 03, 2023 9:30:40 PM org.eclipse.lsp4j.jsonrpc.RemoteEndpoint handleCancellation
WARNING: Unmatched cancel notification for request id 6328
Jul 03, 2023 9:30:55 PM org.eclipse.lsp4j.jsonrpc.RemoteEndpoint handleCancellation
WARNING: Unmatched cancel notification for request id 6353
2023.07.03 21:31:03 WARN  no build target for: C:\Users\Vishwa\Documents\MYWORK\scala\Patrical 04\tutorial04\src\main\scala\Question03.scala
2023.07.03 21:31:36 WARN  no build target for: C:\Users\Vishwa\Documents\MYWORK\scala\Patrical 04\tutorial04\src\main\scala\Question03.scala
2023.07.03 21:31:45 WARN  no build target for: C:\Users\Vishwa\Documents\MYWORK\scala\Patrical 04\tutorial04\src\main\scala\Question03.scala
Jul 03, 2023 9:37:24 PM org.eclipse.lsp4j.jsonrpc.RemoteEndpoint handleCancellation
WARNING: Unmatched cancel notification for request id 6697
Jul 03, 2023 9:38:54 PM org.eclipse.lsp4j.jsonrpc.RemoteEndpoint handleCancellation
WARNING: Unmatched cancel notification for request id 6728
2023.07.03 21:40:06 WARN  no build target for: C:\Users\Vishwa\Documents\MYWORK\scala\Patrical 04\tutorial04\src\main\scala\Question03.scala
2023.07.03 21:50:10 WARN  no build target for: C:\Users\Vishwa\Documents\MYWORK\scala\Patrical 04\tutorial04\src\main\scala\Question03.scala
2023.07.03 21:51:30 WARN  no build target for: C:\Users\Vishwa\Documents\MYWORK\scala\Patrical 04\tutorial04\src\main\scala\Question03.scala
2023.07.03 21:51:37 WARN  no build target for: C:\Users\Vishwa\Documents\MYWORK\scala\Patrical 04\tutorial04\src\main\scala\Question03.scala
2023.07.03 21:51:40 WARN  no build target for: C:\Users\Vishwa\Documents\MYWORK\scala\Patrical 04\tutorial04\src\main\scala\Question03.scala
2023.07.03 21:52:13 WARN  no build target for: C:\Users\Vishwa\Documents\MYWORK\scala\Patrical 04\tutorial04\src\main\scala\Main.scala
2023.07.03 21:52:24 INFO  Shutting down server
2023.07.03 21:52:24 INFO  shutting down Metals
2023.07.03 21:52:24 INFO  Exiting server
